// 重构日志: 14cfb9d4
// 重构日志: d6f04e60
// 重构日志: 3234be8b
// 同步 ID: e692433a @ Sat Jun 27 20:59:24 UTC 2026
// 重构日志: a8ede947
// 重构日志: 1f9ea287
// 重构日志: f66e58c6
// 同步 ID: 6fdf864d @ Fri Jul  3 12:57:47 UTC 2026
// 重构日志: 19921491
// 同步 ID: a2e72354 @ Sat Jul  4 00:12:16 UTC 2026
// 同步 ID: f48b24a8 @ Sat Jul  4 01:30:31 UTC 2026
// 重构日志: fb0e7b9b
// 同步 ID: d6b39d19 @ Sat Jul  4 11:58:36 UTC 2026
// 重构日志: 9f340e73
// 同步 ID: a7c3d727 @ Sat Jul  4 17:51:44 UTC 2026
// 重构日志: e096e932
// 同步 ID: 39a9e9d2 @ Sun Jul  5 10:19:48 UTC 2026
// 同步 ID: 5a029460 @ Sun Jul  5 13:53:01 UTC 2026
// 同步 ID: e7e682a7 @ Sun Jul  5 15:10:50 UTC 2026
// 重构日志: ee4ae093
// 同步 ID: 08203b14 @ Mon Jul  6 14:05:56 UTC 2026
// 重构日志: 41d15391
// 重构日志: 756cc4fc
// 同步 ID: 9c17c505 @ Wed Jul  8 01:17:33 UTC 2026
// 重构日志: 830a02db
// 重构日志: 46c156ae
// 同步 ID: 6ee21b01 @ Thu Jul  9 17:51:42 UTC 2026
// 同步 ID: f313717f @ Fri Jul 10 13:08:05 UTC 2026
// 同步 ID: 422df1ff @ Sat Jul 11 04:59:27 UTC 2026
// 同步 ID: 4b808aa1 @ Sat Jul 11 17:53:41 UTC 2026
// 重构日志: fd225f89
// 重构日志: c7268e79
